# JRE version: Java(TM) SE Runtime Environment (8.0_101-b13) (build 1.8.0_101-b13)
# Java VM: Java HotSpot(TM) 64-Bit Server VM (25.101-b13 mixed mode windows-amd64 compressed oops)
Heap:
 PSYoungGen      total 211456K, used 165017K [0x000000076b980000, 0x0000000779f00000, 0x00000007c0000000)
  eden space 193024K, 78% used [0x000000076b980000,0x0000000774e11580,0x0000000777600000)
  from space 18432K, 69% used [0x0000000778800000,0x0000000779494ed8,0x0000000779a00000)
  to   space 18432K, 0% used [0x0000000777600000,0x0000000777600000,0x0000000778800000)
 ParOldGen       total 184320K, used 22533K [0x00000006c2c00000, 0x00000006ce000000, 0x000000076b980000)
  object space 184320K, 12% used [0x00000006c2c00000,0x00000006c4201650,0x00000006ce000000)
 Metaspace       used 55526K, capacity 57994K, committed 58240K, reserved 1099776K
  class space    used 7535K, capacity 7960K, committed 8064K, reserved 1048576K
GC Heap History (10 events):
Event: 2.112 GC heap before
{Heap before GC invocations=6 (full 1):
 PSYoungGen      total 107008K, used 106973K [0x000000076b980000, 0x0000000772c80000, 0x00000007c0000000)
  eden space 96256K, 99% used [0x000000076b980000,0x0000000771777920,0x0000000771780000)
  from space 10752K, 99% used [0x0000000772200000,0x0000000772c7fe90,0x0000000772c80000)
  to   space 10752K, 0% used [0x0000000771780000,0x0000000771780000,0x0000000772200000)
 ParOldGen       total 108544K, used 12345K [0x00000006c2c00000, 0x00000006c9600000, 0x000000076b980000)
  object space 108544K, 11% used [0x00000006c2c00000,0x00000006c380e6c0,0x00000006c9600000)
 Metaspace       used 30098K, capacity 31440K, committed 31744K, reserved 1077248K
  class space    used 4048K, capacity 4335K, committed 4352K, reserved 1048576K
Event: 2.122 GC heap after
Heap after GC invocations=6 (full 1):
 PSYoungGen      total 107008K, used 10742K [0x000000076b980000, 0x0000000776500000, 0x00000007c0000000)
  eden space 96256K, 0% used [0x000000076b980000,0x000000076b980000,0x0000000771780000)
  from space 10752K, 99% used [0x0000000771780000,0x00000007721fd960,0x0000000772200000)
  to   space 16896K, 0% used [0x0000000775480000,0x0000000775480000,0x0000000776500000)
 ParOldGen       total 108544K, used 16932K [0x00000006c2c00000, 0x00000006c9600000, 0x000000076b980000)
  object space 108544K, 15% used [0x00000006c2c00000,0x00000006c3c89290,0x00000006c9600000)
 Metaspace       used 30098K, capacity 31440K, committed 31744K, reserved 1077248K
  class space    used 4048K, capacity 4335K, committed 4352K, reserved 1048576K
}
Event: 2.597 GC heap before
{Heap before GC invocations=7 (full 1):
 PSYoungGen      total 107008K, used 87198K [0x000000076b980000, 0x0000000776500000, 0x00000007c0000000)
  eden space 96256K, 79% used [0x000000076b980000,0x000000077042a068,0x0000000771780000)
  from space 10752K, 99% used [0x0000000771780000,0x00000007721fd960,0x0000000772200000)
  to   space 16896K, 0% used [0x0000000775480000,0x0000000775480000,0x0000000776500000)
 ParOldGen       total 108544K, used 16932K [0x00000006c2c00000, 0x00000006c9600000, 0x000000076b980000)
  object space 108544K, 15% used [0x00000006c2c00000,0x00000006c3c89290,0x00000006c9600000)
 Metaspace       used 33992K, capacity 35398K, committed 35456K, reserved 1079296K
  class space    used 4440K, capacity 4724K, committed 4736K, reserved 1048576K
Event: 2.607 GC heap after
Heap after GC invocations=7 (full 1):
 PSYoungGen      total 156672K, used 15814K [0x000000076b980000, 0x0000000776900000, 0x00000007c0000000)
  eden space 139776K, 0% used [0x000000076b980000,0x000000076b980000,0x0000000774200000)
  from space 16896K, 93% used [0x0000000775480000,0x00000007763f1b88,0x0000000776500000)
  to   space 18944K, 0% used [0x0000000774200000,0x0000000774200000,0x0000000775480000)
 ParOldGen       total 108544K, used 16940K [0x00000006c2c00000, 0x00000006c9600000, 0x000000076b980000)
  object space 108544K, 15% used [0x00000006c2c00000,0x00000006c3c8b290,0x00000006c9600000)
 Metaspace       used 33992K, capacity 35398K, committed 35456K, reserved 1079296K
  class space    used 4440K, capacity 4724K, committed 4736K, reserved 1048576K
}
Event: 2.607 GC heap before
{Heap before GC invocations=8 (full 2):
 PSYoungGen      total 156672K, used 15814K [0x000000076b980000, 0x0000000776900000, 0x00000007c0000000)
  eden space 139776K, 0% used [0x000000076b980000,0x000000076b980000,0x0000000774200000)
  from space 16896K, 93% used [0x0000000775480000,0x00000007763f1b88,0x0000000776500000)
  to   space 18944K, 0% used [0x0000000774200000,0x0000000774200000,0x0000000775480000)
 ParOldGen       total 108544K, used 16940K [0x00000006c2c00000, 0x00000006c9600000, 0x000000076b980000)
  object space 108544K, 15% used [0x00000006c2c00000,0x00000006c3c8b290,0x00000006c9600000)
 Metaspace       used 33992K, capacity 35398K, committed 35456K, reserved 1079296K
  class space    used 4440K, capacity 4724K, committed 4736K, reserved 1048576K
Event: 2.661 GC heap after
Heap after GC invocations=8 (full 2):
 PSYoungGen      total 156672K, used 0K [0x000000076b980000, 0x0000000776900000, 0x00000007c0000000)
  eden space 139776K, 0% used [0x000000076b980000,0x000000076b980000,0x0000000774200000)
  from space 16896K, 0% used [0x0000000775480000,0x0000000775480000,0x0000000776500000)
  to   space 18944K, 0% used [0x0000000774200000,0x0000000774200000,0x0000000775480000)
 ParOldGen       total 184320K, used 22517K [0x00000006c2c00000, 0x00000006ce000000, 0x000000076b980000)
  object space 184320K, 12% used [0x00000006c2c00000,0x00000006c41fd650,0x00000006ce000000)
 Metaspace       used 33992K, capacity 35398K, committed 35456K, reserved 1079296K
  class space    used 4440K, capacity 4724K, committed 4736K, reserved 1048576K
}
Event: 3.544 GC heap before
{Heap before GC invocations=9 (full 2):
 PSYoungGen      total 156672K, used 139776K [0x000000076b980000, 0x0000000776900000, 0x00000007c0000000)
  eden space 139776K, 100% used [0x000000076b980000,0x0000000774200000,0x0000000774200000)
  from space 16896K, 0% used [0x0000000775480000,0x0000000775480000,0x0000000776500000)
  to   space 18944K, 0% used [0x0000000774200000,0x0000000774200000,0x0000000775480000)
 ParOldGen       total 184320K, used 22517K [0x00000006c2c00000, 0x00000006ce000000, 0x000000076b980000)
  object space 184320K, 12% used [0x00000006c2c00000,0x00000006c41fd650,0x00000006ce000000)
 Metaspace       used 45948K, capacity 47786K, committed 48128K, reserved 1091584K
  class space    used 6168K, capacity 6546K, committed 6656K, reserved 1048576K
Event: 3.553 GC heap after
Heap after GC invocations=9 (full 2):
 PSYoungGen      total 158720K, used 13353K [0x000000076b980000, 0x0000000779a00000, 0x00000007c0000000)
  eden space 139776K, 0% used [0x000000076b980000,0x000000076b980000,0x0000000774200000)
  from space 18944K, 70% used [0x0000000774200000,0x0000000774f0a770,0x0000000775480000)
  to   space 18432K, 0% used [0x0000000778800000,0x0000000778800000,0x0000000779a00000)
 ParOldGen       total 184320K, used 22525K [0x00000006c2c00000, 0x00000006ce000000, 0x000000076b980000)
  object space 184320K, 12% used [0x00000006c2c00000,0x00000006c41ff650,0x00000006ce000000)
 Metaspace       used 45948K, capacity 47786K, committed 48128K, reserved 1091584K
  class space    used 6168K, capacity 6546K, committed 6656K, reserved 1048576K
}
Event: 4.265 GC heap before
{Heap before GC invocations=10 (full 2):
 PSYoungGen      total 158720K, used 153129K [0x000000076b980000, 0x0000000779a00000, 0x00000007c0000000)
  eden space 139776K, 100% used [0x000000076b980000,0x0000000774200000,0x0000000774200000)
  from space 18944K, 70% used [0x0000000774200000,0x0000000774f0a770,0x0000000775480000)
  to   space 18432K, 0% used [0x0000000778800000,0x0000000778800000,0x0000000779a00000)
 ParOldGen       total 184320K, used 22525K [0x00000006c2c00000, 0x00000006ce000000, 0x000000076b980000)
  object space 184320K, 12% used [0x00000006c2c00000,0x00000006c41ff650,0x00000006ce000000)
 Metaspace       used 48998K, capacity 51208K, committed 51456K, reserved 1093632K
  class space    used 6635K, capacity 7041K, committed 7168K, reserved 1048576K
Event: 4.286 GC heap after
Heap after GC invocations=10 (full 2):
 PSYoungGen      total 211456K, used 12883K [0x000000076b980000, 0x0000000779f00000, 0x00000007c0000000)
  eden space 193024K, 0% used [0x000000076b980000,0x000000076b980000,0x0000000777600000)
  from space 18432K, 69% used [0x0000000778800000,0x0000000779494ed8,0x0000000779a00000)
  to   space 18432K, 0% used [0x0000000777600000,0x0000000777600000,0x0000000778800000)
 ParOldGen       total 184320K, used 22533K [0x00000006c2c00000, 0x00000006ce000000, 0x000000076b980000)
  object space 184320K, 12% used [0x00000006c2c00000,0x00000006c4201650,0x00000006ce000000)
 Metaspace       used 48998K, capacity 51208K, committed 51456K, reserved 1093632K
  class space    used 6635K, capacity 7041K, committed 7168K, reserved 1048576K
}

